{"level":"info","message":"User connected"}
{"0":123,"1":13,"10":112,"11":101,"12":34,"13":58,"14":34,"15":115,"16":97,"17":121,"18":32,"19":104,"2":10,"20":101,"21":108,"22":108,"23":111,"24":34,"25":44,"26":13,"27":10,"28":32,"29":32,"3":32,"30":32,"31":32,"32":34,"33":100,"34":97,"35":116,"36":101,"37":34,"38":58,"39":123,"4":32,"40":13,"41":10,"42":32,"43":32,"44":32,"45":32,"46":32,"47":32,"48":32,"49":32,"5":32,"50":109,"51":101,"52":115,"53":115,"54":97,"55":103,"56":101,"57":58,"58":34,"59":34,"6":32,"60":13,"61":10,"62":32,"63":32,"64":32,"65":32,"66":125,"67":13,"68":10,"69":125,"7":34,"8":116,"9":121,"level":"error","message":"Message error JSON parse:"}
{"0":123,"1":13,"10":112,"11":101,"12":34,"13":58,"14":34,"15":115,"16":97,"17":121,"18":32,"19":104,"2":10,"20":101,"21":108,"22":108,"23":111,"24":34,"25":44,"26":13,"27":10,"28":32,"29":32,"3":32,"30":32,"31":32,"32":34,"33":100,"34":97,"35":116,"36":101,"37":34,"38":58,"39":123,"4":32,"40":13,"41":10,"42":32,"43":32,"44":32,"45":32,"46":32,"47":32,"48":32,"49":32,"5":32,"50":109,"51":101,"52":115,"53":115,"54":97,"55":103,"56":101,"57":58,"58":34,"59":34,"6":32,"60":13,"61":10,"62":32,"63":32,"64":32,"65":32,"66":125,"67":13,"68":10,"69":125,"7":34,"8":116,"9":121,"level":"error","message":"Message error JSON parse:"}
{"level":"info","message":"User connected"}
{"0":123,"1":13,"10":112,"11":101,"12":34,"13":58,"14":34,"15":115,"16":97,"17":121,"18":32,"19":104,"2":10,"20":101,"21":108,"22":108,"23":111,"24":34,"25":44,"26":13,"27":10,"28":32,"29":32,"3":32,"30":32,"31":32,"32":34,"33":100,"34":97,"35":116,"36":101,"37":34,"38":58,"39":123,"4":32,"40":13,"41":10,"42":32,"43":32,"44":32,"45":32,"46":32,"47":32,"48":32,"49":32,"5":32,"50":109,"51":101,"52":115,"53":115,"54":97,"55":103,"56":101,"57":58,"58":34,"59":34,"6":32,"60":13,"61":10,"62":32,"63":32,"64":32,"65":32,"66":125,"67":13,"68":10,"69":125,"7":34,"8":116,"9":121,"level":"error","message":"Message error JSON parse:"}
{"level":"info","message":"User connected"}
{"0":123,"1":13,"10":112,"11":101,"12":34,"13":58,"14":34,"15":115,"16":97,"17":121,"18":32,"19":104,"2":10,"20":101,"21":108,"22":108,"23":111,"24":34,"25":44,"26":13,"27":10,"28":32,"29":32,"3":32,"30":32,"31":32,"32":34,"33":100,"34":97,"35":116,"36":101,"37":34,"38":58,"39":123,"4":32,"40":13,"41":10,"42":32,"43":32,"44":32,"45":32,"46":32,"47":32,"48":32,"49":32,"5":32,"50":109,"51":101,"52":115,"53":115,"54":97,"55":103,"56":101,"57":58,"58":34,"59":34,"6":32,"60":13,"61":10,"62":32,"63":32,"64":32,"65":32,"66":125,"67":13,"68":10,"69":125,"7":34,"8":116,"9":121,"level":"error","message":"Message error JSON parse:"}
{"level":"info","message":"User disconnected"}
{"level":"info","message":"User connected"}
{"level":"info","message":"User connected"}
{"level":"info","message":"User connected"}
{"level":"info","message":"User connected"}
{"0":72,"1":101,"10":83,"11":111,"12":99,"13":107,"14":101,"15":116,"16":32,"17":115,"18":101,"19":114,"2":108,"20":118,"21":101,"22":114,"23":33,"3":108,"4":111,"5":44,"6":32,"7":87,"8":101,"9":98,"level":"error","message":"Message error JSON parse:"}
{"level":"info","message":"User connected"}
{"0":72,"1":101,"10":83,"11":111,"12":99,"13":107,"14":101,"15":116,"16":32,"17":115,"18":101,"19":114,"2":108,"20":118,"21":101,"22":114,"23":33,"3":108,"4":111,"5":44,"6":32,"7":87,"8":101,"9":98,"level":"error","message":"Message error JSON parse:"}
{"level":"info","message":"User connected"}
{"level":"info","message":"User disconnected"}
{"level":"info","message":"User connected"}
{"level":"error","message":"Message error JSON parse:"}
{"level":"info","message":"User disconnected"}
{"level":"info","message":"User connected"}
{"level":"info","message":"User connected"}
{"0":72,"1":101,"10":83,"11":111,"12":99,"13":107,"14":101,"15":116,"16":32,"17":115,"18":101,"19":114,"2":108,"20":118,"21":101,"22":114,"23":33,"3":108,"4":111,"5":44,"6":32,"7":87,"8":101,"9":98,"level":"error","message":"Message error JSON parse:"}
{"level":"info","message":"User connected"}
{"0":72,"1":101,"10":83,"11":111,"12":99,"13":107,"14":101,"15":116,"16":32,"17":115,"18":101,"19":114,"2":108,"20":118,"21":101,"22":114,"23":33,"3":108,"4":111,"5":44,"6":32,"7":87,"8":101,"9":98,"level":"error","message":"Message error JSON parse:"}
{"level":"info","message":"User connected"}
{"0":72,"1":101,"10":83,"11":111,"12":99,"13":107,"14":101,"15":116,"16":32,"17":115,"18":101,"19":114,"2":108,"20":118,"21":101,"22":114,"23":33,"3":108,"4":111,"5":44,"6":32,"7":87,"8":101,"9":98,"level":"error","message":"Message error JSON parse:"}
{"level":"info","message":"User disconnected"}
{"level":"info","message":"User disconnected"}
{"level":"info","message":"User connected"}
{"0":72,"1":101,"10":83,"11":111,"12":99,"13":107,"14":101,"15":116,"16":32,"17":115,"18":101,"19":114,"2":108,"20":118,"21":101,"22":114,"23":33,"3":108,"4":111,"5":44,"6":32,"7":87,"8":101,"9":98,"level":"error","message":"Message error JSON parse:"}
{"level":"info","message":"User connected"}
{"0":72,"1":101,"10":83,"11":111,"12":99,"13":107,"14":101,"15":116,"16":32,"17":115,"18":101,"19":114,"2":108,"20":118,"21":101,"22":114,"23":33,"3":108,"4":111,"5":44,"6":32,"7":87,"8":101,"9":98,"level":"error","message":"Message error JSON parse:"}
{"level":"info","message":"User disconnected"}
{"level":"info","message":"User disconnected"}
{"level":"info","message":"User connected"}
{"0":72,"1":101,"10":83,"11":111,"12":99,"13":107,"14":101,"15":116,"16":32,"17":115,"18":101,"19":114,"2":108,"20":118,"21":101,"22":114,"23":33,"3":108,"4":111,"5":44,"6":32,"7":87,"8":101,"9":98,"level":"error","message":"Message error JSON parse:"}
{"level":"info","message":"User connected"}
{"0":72,"1":101,"10":83,"11":111,"12":99,"13":107,"14":101,"15":116,"16":32,"17":115,"18":101,"19":114,"2":108,"20":118,"21":101,"22":114,"23":33,"3":108,"4":111,"5":44,"6":32,"7":87,"8":101,"9":98,"level":"error","message":"Message error JSON parse:"}
{"level":"info","message":"User disconnected"}
{"level":"info","message":"User disconnected"}
{"level":"info","message":"User connected"}
{"0":72,"1":101,"10":83,"11":111,"12":99,"13":107,"14":101,"15":116,"16":32,"17":115,"18":101,"19":114,"2":108,"20":118,"21":101,"22":114,"23":33,"3":108,"4":111,"5":44,"6":32,"7":87,"8":101,"9":98,"level":"error","message":"Message error JSON parse:"}
{"level":"info","message":"User connected"}
{"0":72,"1":101,"10":83,"11":111,"12":99,"13":107,"14":101,"15":116,"16":32,"17":115,"18":101,"19":114,"2":108,"20":118,"21":101,"22":114,"23":33,"3":108,"4":111,"5":44,"6":32,"7":87,"8":101,"9":98,"level":"error","message":"Message error JSON parse:"}
{"level":"info","message":"User connected"}
{"0":72,"1":101,"10":83,"11":111,"12":99,"13":107,"14":101,"15":116,"16":32,"17":115,"18":101,"19":114,"2":108,"20":118,"21":101,"22":114,"23":33,"3":108,"4":111,"5":44,"6":32,"7":87,"8":101,"9":98,"level":"error","message":"Message error JSON parse:"}
{"level":"info","message":"User connected"}
{"0":91,"1":111,"10":106,"11":101,"12":99,"13":116,"14":93,"2":98,"3":106,"4":101,"5":99,"6":116,"7":32,"8":79,"9":98,"level":"error","message":"Message error JSON parse:"}
{"level":"info","message":"User connected"}
{"0":91,"1":111,"10":106,"11":101,"12":99,"13":116,"14":93,"2":98,"3":106,"4":101,"5":99,"6":116,"7":32,"8":79,"9":98,"level":"error","message":"Message error JSON parse:"}
{"level":"info","message":"User connected"}
{"0":91,"1":111,"10":106,"11":101,"12":99,"13":116,"14":93,"2":98,"3":106,"4":101,"5":99,"6":116,"7":32,"8":79,"9":98,"level":"error","message":"Message error JSON parse:"}
{"level":"info","message":"User connected"}
{"0":91,"1":111,"10":106,"11":101,"12":99,"13":116,"14":93,"2":98,"3":106,"4":101,"5":99,"6":116,"7":32,"8":79,"9":98,"level":"error","message":"Message error JSON parse:"}
{"level":"info","message":"User connected"}
{"level":"info","message":"User connected"}
{"0":91,"1":111,"10":106,"11":101,"12":99,"13":116,"14":93,"2":98,"3":106,"4":101,"5":99,"6":116,"7":32,"8":79,"9":98,"level":"error","message":"Message error JSON parse:"}
{"level":"info","message":"User connected"}
{"0":91,"1":111,"10":106,"11":101,"12":99,"13":116,"14":93,"2":98,"3":106,"4":101,"5":99,"6":116,"7":32,"8":79,"9":98,"level":"error","message":"Message error JSON parse:"}
{"level":"info","message":"User connected"}
{"0":91,"1":111,"10":106,"11":101,"12":99,"13":116,"14":93,"2":98,"3":106,"4":101,"5":99,"6":116,"7":32,"8":79,"9":98,"level":"error","message":"Message error JSON parse:"}
{"level":"info","message":"User connected"}
{"0":91,"1":111,"10":106,"11":101,"12":99,"13":116,"14":93,"2":98,"3":106,"4":101,"5":99,"6":116,"7":32,"8":79,"9":98,"level":"error","message":"Message error JSON parse:"}
{"level":"info","message":"User connected"}
{"0":91,"1":111,"10":106,"11":101,"12":99,"13":116,"14":93,"2":98,"3":106,"4":101,"5":99,"6":116,"7":32,"8":79,"9":98,"level":"error","message":"Message error JSON parse:"}
{"level":"info","message":"User connected"}
{"level":"error","message":"Message error JSON parse:"}
{"level":"info","message":"Received message:","result":["repeat(1,2)",{"creditCard":{"cvv":"creditCardCVV()","issuer":"creditCardIssuer()","number":"creditCardNumber()"},"domain":"domainName()","emails":["repeat(2)","email(gmail.com, example.com)"],"job":{"area":"jobArea()","company":"companyName()","descriptor":"jobDescriptor()","title":"jobTitle()","type":"jobType()"},"location":{"city":"city()","coordinates":{"latitude":"latitude()","longitude":"longitude()"},"country":"country()","state":"state()","street":"street()","zip":"zipCode()"},"name":{"first":"firstName()","last":"lastName()","middle":"middleName()"},"objectId":"objectId()","password":"password()","phoneNumber":"phoneNumber()","status":"enum(active, disabled)","username":"this.name.first-this.name.last","uuid":"guid()","website":"url()"}]}
{"level":"info","message":"User connected"}
{"level":"info","message":"Received message: ok"}
{"level":"info","message":"User connected"}
{"level":"info","message":"Received message: ok"}
{"level":"info","message":"User connected"}
{"level":"info","message":"Received message: ok "}
{"level":"info","message":"User connected"}
{"level":"info","message":"Received message: ok good"}
{"level":"info","message":"User connected"}
{"level":"info","message":"Received message: ok good"}
{"level":"info","message":"User disconnected"}
{"level":"info","message":"User disconnected"}
{"level":"info","message":"User connected"}
{"level":"info","message":"Received message: ok good"}
{"level":"info","message":"User connected"}
{"level":"info","message":"Received message: ok good"}
{"level":"info","message":"User connected"}
{"level":"info","message":"Received message: ok good"}
{"level":"info","message":"User connected"}
{"level":"info","message":"Received message: ok good"}
{"level":"info","message":"User disconnected"}
{"level":"info","message":"User disconnected"}
{"level":"info","message":"User connected"}
{"level":"info","message":"Received message: ok good"}
{"level":"info","message":"User connected"}
{"level":"info","message":"Received message: ok good"}
{"level":"info","message":"User disconnected"}
{"level":"info","message":"User disconnected"}
{"level":"info","message":"User connected"}
{"level":"info","message":"Received message: ok good"}
{"level":"info","message":"User connected"}
{"level":"info","message":"Received message: ok good"}
{"level":"info","message":"User disconnected"}
{"level":"info","message":"User disconnected"}
{"level":"info","message":"User connected"}
{"level":"info","message":"Received message: ok good"}
{"level":"info","message":"User connected"}
{"level":"info","message":"Received message: ok good"}
{"level":"info","message":"User connected"}
{"level":"info","message":"Received message: ok good"}
{"level":"info","message":"User connected"}
{"level":"info","message":"Received message: ok good"}
{"level":"info","message":"User connected"}
{"level":"info","message":"Received message: ok good"}
{"level":"info","message":"User disconnected"}
{"level":"info","message":"User connected"}
{"level":"info","message":"Received message: ok good"}
{"level":"info","message":"User disconnected"}
{"level":"info","message":"User connected"}
{"level":"info","message":"Received message: ok good"}
{"level":"info","message":"User connected"}
{"level":"info","message":"Received message: ok good"}
{"level":"info","message":"User disconnected"}
{"level":"info","message":"User connected"}
{"level":"info","message":"Received message: ok good"}
{"level":"info","message":"User connected"}
{"level":"info","message":"Received message: ok good you're fired"}
{"level":"info","message":"User disconnected"}
{"level":"info","message":"User connected"}
{"level":"info","message":"Received message: ok good you're fired"}
{"level":"info","message":"User connected"}
{"level":"info","message":"Received message: ok good you're fired"}
{"level":"info","message":"User connected"}
{"level":"info","message":"Received message: ok good you're fired"}
{"level":"info","message":"User connected"}
{"level":"info","message":"Received message: ok good you're fired"}
{"level":"info","message":"User connected"}
{"level":"info","message":"Received message: ok good you're fired"}
{"level":"info","message":"User disconnected"}
{"level":"info","message":"User disconnected"}
{"level":"info","message":"User disconnected"}
{"level":"info","message":"User connected"}
{"level":"info","message":"Received message: ok good you're fired"}
{"level":"info","message":"User disconnected"}
{"level":"info","message":"User connected"}
{"level":"info","message":"Received message: ok good you're fired"}
{"level":"info","message":"User disconnected"}
{"level":"info","message":"User connected"}
{"level":"info","message":"Received message: ok good you're fired"}
{"level":"info","message":"User connected"}
{"level":"info","message":"Received message:"}
{"level":"info","message":"User connected"}
{"level":"info","message":"Received message:"}
{"level":"info","message":"User connected"}
{"level":"info","message":"Received message:"}
{"level":"info","message":"User connected"}
{"level":"info","message":"Received message:"}
{"level":"info","message":"User connected"}
{"level":"info","message":"Received message:"}
{"level":"info","message":"User connected"}
{"level":"info","message":"Received message:"}
{"level":"info","message":"User connected"}
{"level":"info","message":"Received message:"}
{"level":"info","message":"User connected"}
{"level":"info","message":"Received message:"}
{"level":"info","message":"User connected"}
{"level":"info","message":"Received message:"}
{"level":"info","message":"User connected"}
{"level":"info","message":"Received message:"}
{"level":"info","message":"User connected"}
{"level":"info","message":"Received message:"}
{"level":"info","message":"User connected"}
{"level":"info","message":"Received message:"}
{"level":"info","message":"User connected"}
{"level":"info","message":"Received message:"}
{"level":"info","message":"User connected"}
{"level":"info","message":"Received message:"}
{"level":"info","message":"User connected"}
{"level":"info","message":"Received message:"}
{"level":"info","message":"User disconnected"}
{"level":"info","message":"User disconnected"}
{"level":"info","message":"User disconnected"}
{"level":"info","message":"User disconnected"}
{"level":"info","message":"User disconnected"}
{"level":"info","message":"User disconnected"}
{"level":"info","message":"User disconnected"}
{"level":"info","message":"User disconnected"}
{"level":"info","message":"User disconnected"}
{"level":"info","message":"User disconnected"}
{"level":"info","message":"User disconnected"}
{"level":"info","message":"User disconnected"}
{"level":"info","message":"User disconnected"}
{"level":"info","message":"User disconnected"}
{"level":"info","message":"User disconnected"}
{"level":"info","message":"User connected"}
{"level":"info","message":"Received message:"}
{"level":"info","message":"User disconnected"}
{"level":"info","message":"User connected"}
{"level":"info","message":"Received message:"}
{"level":"info","message":"User connected"}
{"level":"info","message":"Received message: [object Object]"}
{"level":"info","message":"User connected"}
{"level":"info","message":"Received message: [object Object]"}
{"level":"info","message":"User connected"}
{"level":"info","message":"Received message: [object Object]"}
{"level":"info","message":"User connected"}
{"level":"info","message":"Received message: [object Object]"}
{"level":"info","message":"User disconnected"}
{"level":"info","message":"User connected"}
{"level":"info","message":"Received message: [object Object]"}
{"level":"info","message":"User disconnected"}
{"level":"info","message":"User connected"}
{"level":"info","message":"Received message: [object Object]"}
{"level":"info","message":"User connected"}
{"level":"info","message":"Received message: [object Object]"}
{"level":"info","message":"User connected"}
{"level":"info","message":"Received message: [object Object]"}
{"level":"info","message":"User connected"}
{"level":"info","message":"Received message: [object Object]"}
{"level":"info","message":"User connected"}
{"level":"info","message":"Received message: [object Object]"}
{"level":"info","message":"User connected"}
{"level":"info","message":"Received message: [object Object]"}
{"level":"info","message":"User disconnected"}
{"level":"info","message":"User disconnected"}
{"level":"info","message":"User disconnected"}
{"level":"info","message":"User disconnected"}
{"level":"info","message":"User disconnected"}
{"level":"info","message":"User disconnected"}
{"level":"info","message":"User connected"}
{"level":"info","message":"Received message: [object Object]"}
{"level":"info","message":"User connected"}
{"level":"info","message":"Received message: [object Object]"}
{"level":"info","message":"User connected"}
{"level":"info","message":"Received message: [object Object]"}
{"level":"info","message":"User connected"}
{"level":"info","message":"Received message: [object Object]"}
{"level":"info","message":"User connected"}
{"level":"info","message":"Received message: [object Object]"}
{"level":"info","message":"User connected"}
{"level":"info","message":"Received message: [object Object]"}
{"level":"info","message":"User connected"}
{"level":"info","message":"Received message: [object Object]"}
{"level":"info","message":"User connected"}
{"level":"info","message":"Received message: [object Object]"}
{"level":"info","message":"User connected"}
{"level":"info","message":"Received message: [object Object]"}
{"level":"info","message":"User connected"}
{"level":"info","message":"Received message: [object Object]"}
{"level":"info","message":"User connected"}
{"level":"info","message":"Received message: [object Object]"}
{"level":"info","message":"User connected"}
{"level":"info","message":"Received message: [object Object]"}
{"level":"info","message":"User connected"}
{"level":"info","message":"Received message: [object Object]"}
{"level":"info","message":"User connected"}
{"level":"info","message":"Received message: [object Object]"}
{"level":"info","message":"User connected"}
{"level":"info","message":"Received message: [object Object]"}
{"level":"info","message":"User connected"}
{"level":"info","message":"User connected"}
{"level":"info","message":"Received message: [object Object]"}
{"level":"info","message":"Received message: [object Object]"}
{"level":"info","message":"User disconnected"}
{"level":"info","message":"User disconnected"}
{"level":"info","message":"User disconnected"}
{"level":"info","message":"User disconnected"}
{"level":"info","message":"User disconnected"}
{"level":"info","message":"User disconnected"}
{"level":"info","message":"User disconnected"}
{"level":"info","message":"User disconnected"}
{"level":"info","message":"User disconnected"}
{"level":"info","message":"User disconnected"}
{"level":"info","message":"User disconnected"}
{"level":"info","message":"User disconnected"}
{"level":"info","message":"User disconnected"}
{"level":"info","message":"User disconnected"}
{"level":"info","message":"User disconnected"}
{"level":"info","message":"User disconnected"}
{"level":"info","message":"User disconnected"}
{"level":"info","message":"User connected"}
{"level":"info","message":"User connected"}
{"level":"info","message":"Received message: [object Object]"}
{"level":"info","message":"Received message: [object Object]"}
{"level":"info","message":"User connected"}
{"level":"info","message":"Received message: [object Object]"}
{"level":"info","message":"User connected"}
{"level":"info","message":"Received message: [object Object]"}
{"level":"info","message":"User connected"}
{"level":"info","message":"Received message: [object Object]"}
{"level":"info","message":"User connected"}
{"level":"info","message":"Received message: [object Object]"}
{"level":"info","message":"User connected"}
{"level":"info","message":"Received message: [object Object]"}
{"level":"info","message":"User connected"}
{"level":"info","message":"Received message: [object Object]"}
{"level":"info","message":"User connected"}
{"level":"info","message":"Received message:"}
{"level":"info","message":"User connected"}
{"level":"info","message":"Received message:"}
{"level":"info","message":"User connected"}
{"level":"info","message":"Received message: o"}
{"level":"info","message":"User connected"}
{"level":"info","message":"Received message: ok"}
{"level":"info","message":"User connected"}
{"level":"info","message":"Received message: message"}
{"level":"info","message":"User connected"}
{"level":"info","message":"Received message:"}
{"level":"info","message":"User connected"}
{"level":"info","message":"Received message:"}
{"level":"info","message":"User connected"}
{"level":"info","message":"Received message:"}
{"level":"info","message":"User connected"}
{"level":"info","message":"Received message:"}
{"level":"info","message":"User connected"}
{"level":"info","message":"Received message:"}
{"level":"info","message":"User connected"}
{"level":"info","message":"Received message: o"}
{"level":"info","message":"User connected"}
{"level":"info","message":"Received message: ok"}
{"level":"info","message":"User connected"}
{"level":"info","message":"Received message:"}
{"level":"info","message":"User connected"}
{"level":"info","message":"Received message:"}
{"level":"info","message":"User connected"}
{"level":"info","message":"Received message:"}
{"level":"info","message":"User connected"}
{"level":"info","message":"Received message: Hello, WebSocket!"}
{"level":"info","message":"User disconnected"}
{"level":"info","message":"User disconnected"}
{"level":"info","message":"User disconnected"}
{"level":"info","message":"User connected"}
{"level":"info","message":"User connected"}
{"level":"info","message":"Received message: Hello, WebSocket!"}
{"level":"info","message":"Received message:"}
{"level":"info","message":"User disconnected"}
{"level":"info","message":"User disconnected"}
{"level":"info","message":"User connected"}
{"level":"info","message":"Received message: Hello, WebSocket!"}
{"level":"info","message":"User connected"}
{"level":"info","message":"Received message:"}
{"level":"info","message":"User disconnected"}
{"level":"info","message":"User disconnected"}
{"level":"info","message":"User connected"}
{"level":"info","message":"User connected"}
{"level":"info","message":"Received message: Hello, WebSocket!"}
{"level":"info","message":"Received message:"}
{"level":"info","message":"User disconnected"}
{"level":"info","message":"User disconnected"}
{"level":"info","message":"User connected"}
{"level":"info","message":"User connected"}
{"level":"info","message":"Received message: Hello, WebSocket!"}
{"level":"info","message":"Received message:"}
{"level":"info","message":"User connected"}
{"level":"info","message":"Received message:"}
{"level":"info","message":"User disconnected"}
{"level":"info","message":"User disconnected"}
{"level":"info","message":"User disconnected"}
{"level":"info","message":"User connected"}
{"level":"info","message":"Received message: Hello, WebSocket!"}
{"level":"info","message":"User disconnected"}
{"level":"info","message":"User connected"}
{"level":"info","message":"Received message: Hello, WebSocket!"}
{"level":"info","message":"User connected"}
{"level":"info","message":"Received message: Hello, WebSocket!"}
{"level":"info","message":"User connected"}
{"level":"info","message":"Received message: Hello, WebSocket!"}
{"level":"info","message":"User connected"}
{"level":"info","message":"Received message: Hello, WebSocket!"}
{"level":"info","message":"User connected"}
{"level":"info","message":"Received message: Hello, WebSocket!"}
{"level":"info","message":"User connected"}
{"level":"info","message":"Received message: Hello, WebSocket!"}
{"level":"info","message":"User connected"}
{"level":"info","message":"Received message: Hello, WebSocket!"}
{"level":"info","message":"User connected"}
{"level":"info","message":"Received message: Hello, WebSocket!"}
{"level":"info","message":"User connected"}
{"level":"info","message":"Received message: Hello, WebSocket!"}
{"level":"info","message":"User connected"}
{"level":"info","message":"Received message: Hello, WebSocket!"}
{"level":"info","message":"User connected"}
{"level":"info","message":"Received message: Hello, WebSocket!"}
{"level":"info","message":"User connected"}
{"level":"info","message":"Received message: Hello, WebSocket!"}
{"level":"info","message":"User connected"}
{"level":"info","message":"Received message: Hello, WebSocket!"}
{"level":"info","message":"User connected"}
{"level":"info","message":"Received message: Hello, WebSocket!"}
{"level":"info","message":"User connected"}
{"level":"info","message":"Received message: Hello, WebSocket!"}
{"level":"info","message":"User connected"}
{"level":"info","message":"Received message: Hello, WebSocket!"}
{"level":"info","message":"User connected"}
{"level":"info","message":"Received message: Hello, WebSocket!"}
{"level":"info","message":"User connected"}
{"level":"info","message":"Received message: Hello, WebSocket!"}
{"level":"info","message":"User connected"}
{"level":"info","message":"Received message: Hello, WebSocket!"}
{"level":"info","message":"User connected"}
{"level":"info","message":"Received message: Hello, WebSocket!"}
{"level":"info","message":"User connected"}
{"level":"info","message":"Received message: Hello, WebSocket!"}
{"level":"info","message":"User connected"}
{"level":"info","message":"Received message: Hello, WebSocket!"}
{"level":"info","message":"User connected"}
{"level":"info","message":"Received message: Hello, WebSocket!"}
{"level":"info","message":"User connected"}
{"level":"info","message":"Received message: Hello, WebSocket!"}
{"level":"info","message":"User connected"}
{"level":"info","message":"Received message: Hello, WebSocket!"}
{"level":"info","message":"User connected"}
{"level":"info","message":"Received message: Hello, WebSocket!"}
{"level":"info","message":"User connected"}
{"level":"info","message":"Received message: Hello, WebSocket!"}
{"level":"info","message":"User connected"}
{"level":"info","message":"Received message: Hello, WebSocket!"}
{"level":"info","message":"User connected"}
{"level":"info","message":"Received message: Hello, WebSocket!"}
{"level":"info","message":"User connected"}
{"level":"info","message":"Received message: Hello, WebSocket!"}
{"level":"info","message":"User connected"}
{"level":"info","message":"Received message: Hello, WebSocket!"}
{"level":"info","message":"User connected"}
{"level":"info","message":"Received message: Hello, WebSocket!"}
{"level":"info","message":"User connected"}
{"level":"info","message":"Received message: Hello, WebSocket!"}
{"level":"info","message":"User connected"}
{"level":"info","message":"Received message: Hello, WebSocket!"}
{"level":"info","message":"User connected"}
{"level":"info","message":"Received message: Hello, WebSocket!"}
{"level":"info","message":"User connected"}
{"level":"info","message":"Received message: f"}
{"level":"info","message":"User connected"}
{"level":"info","message":"Received message: ff"}
{"level":"info","message":"User connected"}
{"level":"info","message":"Received message: fff"}
{"level":"info","message":"User connected"}
{"level":"info","message":"Received message: ffff"}
{"level":"info","message":"User connected"}
{"level":"info","message":"Received message: fff"}
{"level":"info","message":"User connected"}
{"level":"info","message":"Received message: ff"}
{"level":"info","message":"User connected"}
{"level":"info","message":"Received message: f"}
{"level":"info","message":"User connected"}
{"level":"info","message":"Received message:"}
{"level":"info","message":"User connected"}
{"level":"info","message":"Received message: r"}
{"level":"info","message":"User connected"}
{"level":"info","message":"Received message: re"}
{"level":"info","message":"User connected"}
{"level":"info","message":"Received message: rea"}
{"level":"info","message":"User connected"}
{"level":"info","message":"Received message: real"}
{"level":"info","message":"User connected"}
{"level":"info","message":"Received message: real "}
{"level":"info","message":"User connected"}
{"level":"info","message":"Received message: real t"}
{"level":"info","message":"User connected"}
{"level":"info","message":"Received message: real ti"}
{"level":"info","message":"User connected"}
{"level":"info","message":"Received message: real tim"}
{"level":"info","message":"User connected"}
{"level":"info","message":"Received message: real time"}
{"level":"info","message":"User connected"}
{"level":"info","message":"Received message: real time "}
{"level":"info","message":"User connected"}
{"level":"info","message":"Received message: real time d"}
{"level":"info","message":"User connected"}
{"level":"info","message":"Received message: real time da"}
{"level":"info","message":"User connected"}
{"level":"info","message":"Received message: real time dat"}
{"level":"info","message":"User connected"}
{"level":"info","message":"Received message: real time data"}
{"level":"info","message":"User connected"}
{"level":"info","message":"Received message: real time data "}
{"level":"info","message":"User connected"}
{"level":"info","message":"Received message: real time data s"}
{"level":"info","message":"User connected"}
{"level":"info","message":"Received message: real time data se"}
{"level":"info","message":"User connected"}
{"level":"info","message":"Received message: real time data sen"}
{"level":"info","message":"User connected"}
{"level":"info","message":"Received message: real time data sent"}
{"level":"info","message":"User connected"}
{"level":"info","message":"User connected"}
{"level":"info","message":"Received message: real "}
{"level":"info","message":"User connected"}
{"level":"info","message":"Received message: real "}
{"level":"info","message":"User connected"}
{"level":"info","message":"Received message: real t"}
{"level":"info","message":"User connected"}
{"level":"info","message":"Received message: real ti"}
{"level":"info","message":"User connected"}
{"level":"info","message":"Received message: real tim"}
{"level":"info","message":"User connected"}
{"level":"info","message":"Received message: real time"}
{"level":"info","message":"User connected"}
{"level":"info","message":"Received message: real time "}
{"level":"info","message":"User connected"}
{"level":"info","message":"Received message: real time d"}
{"level":"info","message":"User connected"}
{"level":"info","message":"Received message: real time da"}
{"level":"info","message":"User connected"}
{"level":"info","message":"Received message: real time dat"}
{"level":"info","message":"User connected"}
{"level":"info","message":"Received message: real time data"}
{"level":"info","message":"User connected"}
{"level":"info","message":"Received message: real time data "}
{"level":"info","message":"User connected"}
{"level":"info","message":"Received message: real time data s"}
{"level":"info","message":"User connected"}
{"level":"info","message":"Received message: real time data se"}
{"level":"info","message":"User connected"}
{"level":"info","message":"Received message: real time data sen"}
{"level":"info","message":"User connected"}
{"level":"info","message":"Received message: real time data sent"}
{"level":"info","message":"User disconnected"}
{"level":"info","message":"User disconnected"}
{"level":"info","message":"User disconnected"}
{"level":"info","message":"User disconnected"}
{"level":"info","message":"User disconnected"}
{"level":"info","message":"User disconnected"}
{"level":"info","message":"User disconnected"}
{"level":"info","message":"User disconnected"}
{"level":"info","message":"User disconnected"}
{"level":"info","message":"User disconnected"}
{"level":"info","message":"User disconnected"}
{"level":"info","message":"User disconnected"}
{"level":"info","message":"User disconnected"}
{"level":"info","message":"User disconnected"}
{"level":"info","message":"User disconnected"}
{"level":"info","message":"User disconnected"}
{"level":"info","message":"User connected"}
{"level":"info","message":"Received message: Hello, WebSocket!"}
{"level":"info","message":"User connected"}
{"level":"info","message":"User connected"}
{"level":"info","message":"Received message: Hello, WebSocket!"}
{"level":"info","message":"User disconnected"}
{"level":"info","message":"User connected"}
{"level":"info","message":"Received message: Hello, WebSocket!"}
{"level":"info","message":"User connected"}
{"level":"info","message":"Received message: Hello, WebSocket!"}
{"level":"info","message":"User connected"}
{"level":"info","message":"Received message: Hello, WebSocket!"}
{"level":"info","message":"User connected"}
{"level":"info","message":"Received message: r"}
{"level":"info","message":"User connected"}
{"level":"info","message":"Received message: re"}
{"level":"info","message":"User connected"}
{"level":"info","message":"Received message: rea"}
{"level":"info","message":"User connected"}
{"level":"info","message":"Received message: real"}
{"level":"info","message":"User connected"}
{"level":"info","message":"Received message: real "}
{"level":"info","message":"User connected"}
{"level":"info","message":"Received message: real t"}
{"level":"info","message":"User connected"}
{"level":"info","message":"Received message: real ti"}
{"level":"info","message":"User connected"}
{"level":"info","message":"Received message: real tim"}
{"level":"info","message":"User connected"}
{"level":"info","message":"Received message: real time"}
{"level":"info","message":"User connected"}
{"level":"info","message":"Received message: real time "}
{"level":"info","message":"User connected"}
{"level":"info","message":"Received message: real time d"}
{"level":"info","message":"User connected"}
{"level":"info","message":"Received message: real time da"}
{"level":"info","message":"User connected"}
{"level":"info","message":"Received message: real time daa"}
{"level":"info","message":"User connected"}
{"level":"info","message":"Received message: real time daat"}
{"level":"info","message":"User connected"}
{"level":"info","message":"Received message: real time daa"}
{"level":"info","message":"User connected"}
{"level":"info","message":"Received message: real time da"}
{"level":"info","message":"User connected"}
{"level":"info","message":"Received message: real time daa"}
{"level":"info","message":"User connected"}
{"level":"info","message":"Received message: real time da"}
{"level":"info","message":"User connected"}
{"level":"info","message":"Received message: real time daa"}
{"level":"info","message":"User connected"}
{"level":"info","message":"Received message: real time da"}
{"level":"info","message":"User connected"}
{"level":"info","message":"Received message: real time dat"}
{"level":"info","message":"User connected"}
{"level":"info","message":"Received message: real time data"}
{"level":"info","message":"User connected"}
{"level":"info","message":"Received message: real time data "}
{"level":"info","message":"User connected"}
{"level":"info","message":"Received message: real time data s"}
{"level":"info","message":"User connected"}
{"level":"info","message":"Received message: real time data se"}
{"level":"info","message":"User connected"}
{"level":"info","message":"Received message: real time data sen"}
{"level":"info","message":"User connected"}
{"level":"info","message":"Received message: real time data sent"}
{"level":"info","message":"User connected"}
{"level":"info","message":"Received message: real time data sen"}
{"level":"info","message":"User connected"}
{"level":"info","message":"Received message: real time data se"}
{"level":"info","message":"User connected"}
{"level":"info","message":"Received message: real time data s"}
{"level":"info","message":"User connected"}
{"level":"info","message":"Received message: real time data "}
{"level":"info","message":"User connected"}
{"level":"info","message":"Received message: real time data"}
{"level":"info","message":"User connected"}
{"level":"info","message":"Received message: real time dat"}
{"level":"info","message":"User connected"}
{"level":"info","message":"Received message: real time da"}
{"level":"info","message":"User connected"}
{"level":"info","message":"Received message: real time d"}
{"level":"info","message":"User connected"}
{"level":"info","message":"Received message: real time "}
{"level":"info","message":"User connected"}
{"level":"info","message":"Received message: real time"}
{"level":"info","message":"User connected"}
{"level":"info","message":"Received message: real tim"}
{"level":"info","message":"User connected"}
{"level":"info","message":"Received message: real ti"}
{"level":"info","message":"User connected"}
{"level":"info","message":"Received message: real t"}
{"level":"info","message":"User connected"}
{"level":"info","message":"Received message: real "}
{"level":"info","message":"User connected"}
{"level":"info","message":"Received message: real"}
{"level":"info","message":"User connected"}
{"level":"info","message":"Received message: rea"}
{"level":"info","message":"User connected"}
{"level":"info","message":"Received message: re"}
{"level":"info","message":"User connected"}
{"level":"info","message":"Received message: r"}
{"level":"info","message":"User connected"}
{"level":"info","message":"Received message:"}
{"level":"info","message":"User connected"}
{"level":"info","message":"Received message:"}
{"level":"info","message":"User connected"}
{"level":"info","message":"Received message:"}
{"level":"info","message":"User connected"}
{"level":"info","message":"Received message:"}
{"level":"info","message":"User disconnected"}
{"level":"info","message":"User disconnected"}
{"level":"info","message":"User disconnected"}
{"level":"info","message":"User disconnected"}
{"level":"info","message":"User disconnected"}
{"level":"info","message":"User disconnected"}
{"level":"info","message":"User disconnected"}
{"level":"info","message":"User disconnected"}
{"level":"info","message":"User disconnected"}
{"level":"info","message":"User disconnected"}
{"level":"info","message":"User disconnected"}
{"level":"info","message":"User disconnected"}
{"level":"info","message":"User disconnected"}
{"level":"info","message":"User disconnected"}
{"level":"info","message":"User disconnected"}
{"level":"info","message":"User disconnected"}
{"level":"info","message":"User disconnected"}
{"level":"info","message":"User disconnected"}
{"level":"info","message":"User disconnected"}
{"level":"info","message":"User disconnected"}
{"level":"info","message":"User disconnected"}
{"level":"info","message":"User disconnected"}
{"level":"info","message":"User disconnected"}
{"level":"info","message":"User disconnected"}
{"level":"info","message":"User disconnected"}
{"level":"info","message":"User disconnected"}
{"level":"info","message":"User disconnected"}
{"level":"info","message":"User disconnected"}
{"level":"info","message":"User disconnected"}
{"level":"info","message":"User disconnected"}
{"level":"info","message":"User disconnected"}
{"level":"info","message":"User disconnected"}
{"level":"info","message":"User disconnected"}
{"level":"info","message":"User disconnected"}
{"level":"info","message":"User disconnected"}
{"level":"info","message":"User disconnected"}
{"level":"info","message":"User disconnected"}
{"level":"info","message":"User disconnected"}
{"level":"info","message":"User disconnected"}
{"level":"info","message":"User disconnected"}
{"level":"info","message":"User disconnected"}
{"level":"info","message":"User disconnected"}
{"level":"info","message":"User disconnected"}
{"level":"info","message":"User disconnected"}
{"level":"info","message":"User disconnected"}
{"level":"info","message":"User disconnected"}
{"level":"info","message":"User disconnected"}
{"level":"info","message":"User disconnected"}
{"level":"info","message":"User disconnected"}
{"level":"info","message":"User connected"}
{"level":"info","message":"Received message: Hello, WebSocket!"}
{"level":"info","message":"User connected"}
{"level":"info","message":"Received message: Hello, WebSocket!"}
{"level":"info","message":"User connected"}
{"level":"info","message":"User connected"}
{"level":"info","message":"User connected"}
{"level":"info","message":"User connected"}
{"level":"info","message":"User connected"}
{"level":"info","message":"User connected"}
{"level":"info","message":"User connected"}
{"level":"info","message":"User connected"}
{"level":"info","message":"User connected"}
{"level":"info","message":"Received message: Hello, WebSocket!"}
{"level":"info","message":"User connected"}
{"level":"info","message":"Received message: Hello, WebSocket!"}
{"level":"info","message":"User connected"}
{"level":"info","message":"Received message: Hello, WebSocket!"}
{"level":"info","message":"User connected"}
{"level":"info","message":"Received message: Hello, WebSocket!"}
{"level":"info","message":"User connected"}
{"level":"info","message":"Received message: Hello, WebSocket!"}
{"level":"info","message":"User connected"}
{"level":"info","message":"Received message: Hello, WebSocket!"}
{"level":"info","message":"User connected"}
{"level":"info","message":"Received message: Hello, WebSocket!"}
{"level":"info","message":"User connected"}
{"level":"info","message":"Received message: Hello, WebSocket!"}
{"level":"info","message":"User connected"}
{"level":"info","message":"Received message: Hello, WebSocket!"}
{"level":"info","message":"User connected"}
{"level":"info","message":"Received message: Hello, WebSocket!"}
{"level":"info","message":"User disconnected"}
{"level":"info","message":"User connected"}
{"level":"info","message":"Received message: Hello, WebSocket!"}
{"level":"info","message":"User disconnected"}
{"level":"info","message":"User connected"}
{"level":"info","message":"Received message: Hello, WebSocket!"}
{"level":"info","message":"User connected"}
{"level":"info","message":"Received message: Hello, WebSocket!"}
{"level":"info","message":"User disconnected"}
{"level":"info","message":"User connected"}
{"level":"info","message":"Received message: Hello, WebSocket!"}
{"level":"info","message":"User connected"}
{"level":"info","message":"Received message: Hello, WebSocket!"}
{"level":"info","message":"User connected"}
{"level":"info","message":"Received message: Hello, WebSocket!"}
{"level":"info","message":"User connected"}
{"level":"info","message":"Received message: Hello, WebSocket!"}
{"level":"info","message":"User connected"}
{"level":"info","message":"Received message: Hello, WebSocket!"}
{"level":"info","message":"User connected"}
{"level":"info","message":"Received message: Hello, WebSocket!"}
{"level":"info","message":"User connected"}
{"level":"info","message":"Received message: Hello, WebSocket!"}
{"level":"info","message":"User connected"}
{"level":"info","message":"User connected"}
{"level":"info","message":"Received message: Hello, WebSocket!"}
{"level":"info","message":"Received message:"}
{"level":"info","message":"User disconnected"}
{"level":"info","message":"User disconnected"}
{"level":"info","message":"User connected"}
{"level":"info","message":"User connected"}
{"level":"info","message":"Received message: Hello, WebSocket!"}
{"level":"info","message":"Received message:"}
{"level":"info","message":"User connected"}
{"level":"info","message":"Received message:"}
{"level":"info","message":"User connected"}
{"level":"info","message":"Received message:"}
{"level":"info","message":"User connected"}
{"level":"info","message":"Received message: Hello, WebSocket!"}
{"level":"info","message":"User connected"}
{"level":"info","message":"Received message: Hello, WebSocket!"}
{"level":"info","message":"User connected"}
{"level":"info","message":"User connected"}
{"level":"info","message":"Received message: Hello, WebSocket!"}
{"level":"info","message":"Received message:"}
{"level":"info","message":"User connected"}
{"level":"info","message":"Received message:"}
{"level":"info","message":"User connected"}
{"level":"info","message":"Received message:"}
{"level":"info","message":"User connected"}
{"level":"info","message":"Received message:"}
{"level":"info","message":"User connected"}
{"level":"info","message":"Received message:"}
{"level":"info","message":"User connected"}
{"level":"info","message":"Received message:"}
{"level":"info","message":"User connected"}
{"level":"info","message":"Received message:"}
{"level":"info","message":"User disconnected"}
{"level":"info","message":"User disconnected"}
{"level":"info","message":"User disconnected"}
{"level":"info","message":"User disconnected"}
{"level":"info","message":"User disconnected"}
{"level":"info","message":"User disconnected"}
{"level":"info","message":"User disconnected"}
{"level":"info","message":"User disconnected"}
{"level":"info","message":"User disconnected"}
{"level":"info","message":"User disconnected"}
{"level":"info","message":"User disconnected"}
{"level":"info","message":"User disconnected"}
{"level":"info","message":"User disconnected"}
{"level":"info","message":"User disconnected"}
{"level":"info","message":"User connected"}
{"level":"info","message":"User connected"}
{"level":"info","message":"Received message: Hello, WebSocket!"}
{"level":"info","message":"Received message:"}
{"level":"info","message":"User disconnected"}
{"level":"info","message":"User disconnected"}
{"level":"info","message":"User connected"}
{"level":"info","message":"User connected"}
{"level":"info","message":"Received message: Hello, WebSocket!"}
{"level":"info","message":"Received message:"}
{"level":"info","message":"User disconnected"}
{"level":"info","message":"User disconnected"}
{"level":"info","message":"User connected"}
{"level":"info","message":"User connected"}
{"level":"info","message":"Received message: Hello, WebSocket!"}
{"level":"info","message":"Received message:"}
{"level":"info","message":"User disconnected"}
{"level":"info","message":"User disconnected"}
{"level":"info","message":"User connected"}
{"level":"info","message":"User connected"}
{"level":"info","message":"Received message: Hello, WebSocket!"}
{"level":"info","message":"Received message:"}
{"level":"info","message":"User connected"}
{"level":"info","message":"Received message:"}
{"level":"info","message":"User connected"}
{"level":"info","message":"Received message:"}
{"level":"info","message":"User disconnected"}
{"level":"info","message":"User connected"}
{"level":"info","message":"Received message: Hello, WebSocket!"}
{"level":"info","message":"User connected"}
{"level":"info","message":"Received message: Hello, WebSocket!"}
{"level":"info","message":"User disconnected"}
{"level":"info","message":"User disconnected"}
{"level":"info","message":"User connected"}
{"level":"info","message":"Received message: Hello, WebSocket!"}
{"level":"info","message":"User connected"}
{"level":"info","message":"Received message: Hello, WebSocket!"}
{"level":"info","message":"User disconnected"}
{"level":"info","message":"User connected"}
{"level":"info","message":"Received message: Hello, WebSocket!"}
{"level":"info","message":"User connected"}
{"level":"info","message":"Received message: Hello, WebSocket!"}
{"level":"info","message":"User disconnected"}
{"level":"info","message":"User disconnected"}
{"level":"info","message":"User connected"}
{"level":"info","message":"Received message: Hello, WebSocket!"}
{"level":"info","message":"User connected"}
{"level":"info","message":"Received message: Hello, WebSocket!"}
{"level":"info","message":"User disconnected"}
{"level":"info","message":"User disconnected"}
{"level":"info","message":"User connected"}
{"level":"info","message":"Received message: Hello, WebSocket!"}
{"level":"info","message":"User connected"}
{"level":"info","message":"Received message: Hello, WebSocket!"}
{"level":"info","message":"User disconnected"}
{"level":"info","message":"User disconnected"}
{"level":"info","message":"User connected"}
{"level":"info","message":"Received message: Hello, WebSocket!"}
{"level":"info","message":"User connected"}
{"level":"info","message":"Received message: Hello, WebSocket!"}
{"level":"info","message":"User disconnected"}
{"level":"info","message":"User disconnected"}
{"level":"info","message":"User connected"}
{"level":"info","message":"Received message: Hello, WebSocket!"}
{"level":"info","message":"User connected"}
{"level":"info","message":"Received message: Hello, WebSocket!"}
{"level":"info","message":"User disconnected"}
{"level":"info","message":"User disconnected"}
{"level":"info","message":"User connected"}
{"level":"info","message":"Received message: Hello, WebSocket!"}
{"level":"info","message":"User disconnected"}
{"level":"info","message":"User connected"}
{"level":"info","message":"Received message: Hello, WebSocket!"}
{"level":"info","message":"User disconnected"}
{"level":"info","message":"User connected"}
{"level":"info","message":"Received message: Hello, WebSocket!"}
{"level":"info","message":"User disconnected"}
{"level":"info","message":"User connected"}
{"level":"info","message":"Received message: Hello, WebSocket!"}
{"level":"info","message":"User disconnected"}
{"level":"info","message":"User connected"}
{"level":"info","message":"Received message: Hello, WebSocket!"}
{"level":"info","message":"User disconnected"}
{"level":"info","message":"User connected"}
{"level":"info","message":"Received message: Hello, WebSocket!"}
{"level":"info","message":"User disconnected"}
{"level":"info","message":"User connected"}
{"level":"info","message":"Received message: Hello, WebSocket!"}
{"level":"info","message":"User connected"}
{"level":"info","message":"Received message: Hello, WebSocket!"}
{"level":"info","message":"User connected"}
{"level":"info","message":"Received message: Hello, WebSocket!"}
{"level":"info","message":"User connected"}
{"level":"info","message":"Received message: Hello, WebSocket!"}
{"level":"info","message":"User connected"}
{"level":"info","message":"Received message: Hello, WebSocket!"}
{"level":"info","message":"User connected"}
{"level":"info","message":"Received message: Hello, WebSocket!"}
{"level":"info","message":"User connected"}
{"level":"info","message":"Received message: Hello, WebSocket!"}
{"level":"info","message":"User connected"}
{"level":"info","message":"Received message: Hello, WebSocket!"}
{"level":"info","message":"User connected"}
{"level":"info","message":"Received message: Hello, WebSocket!"}
{"level":"info","message":"User connected"}
{"level":"info","message":"Received message: Hello, WebSocket!"}
{"level":"info","message":"User connected"}
{"level":"info","message":"Received message: Hello, WebSocket!"}
{"level":"info","message":"User connected"}
{"level":"info","message":"Received message: Hello, WebSocket!"}
{"level":"info","message":"User disconnected"}
{"level":"info","message":"User disconnected"}
{"level":"info","message":"User disconnected"}
{"level":"info","message":"User disconnected"}
{"level":"info","message":"User disconnected"}
{"level":"info","message":"User disconnected"}
{"level":"info","message":"User disconnected"}
{"level":"info","message":"User disconnected"}
{"level":"info","message":"User disconnected"}
{"level":"info","message":"User disconnected"}
{"level":"info","message":"User disconnected"}
{"level":"info","message":"User disconnected"}
{"level":"info","message":"User connected"}
{"level":"info","message":"Received message: Hello, WebSocket!"}
{"level":"info","message":"User disconnected"}
{"level":"info","message":"User connected"}
{"level":"info","message":"Received message: Hello, WebSocket!"}
{"level":"info","message":"User disconnected"}
{"level":"info","message":"User connected"}
{"level":"info","message":"Received message: Hello, WebSocket!"}
{"level":"info","message":"User disconnected"}
{"level":"info","message":"User connected"}
{"level":"info","message":"Received message: Hello, WebSocket!"}
{"level":"info","message":"User disconnected"}
{"level":"info","message":"User connected"}
{"level":"info","message":"Received message: Hello, WebSocket!"}
{"level":"info","message":"User connected"}
{"level":"info","message":"Received message: Hello, WebSocket!"}
{"level":"info","message":"User connected"}
{"level":"info","message":"Received message: Hello, WebSocket!"}
{"level":"info","message":"User connected"}
{"level":"info","message":"Received message: Hello, WebSocket!"}
{"level":"info","message":"User connected"}
{"level":"info","message":"Received message: Hello, WebSocket!"}
{"level":"info","message":"User connected"}
{"level":"info","message":"Received message: Hello, WebSocket!"}
{"level":"info","message":"User disconnected"}
{"level":"info","message":"User disconnected"}
{"level":"info","message":"User disconnected"}
{"level":"info","message":"User disconnected"}
{"level":"info","message":"User disconnected"}
{"level":"info","message":"User disconnected"}
{"level":"info","message":"User connected"}
{"level":"info","message":"Received message: Hello, WebSocket!"}
{"level":"info","message":"User disconnected"}
{"level":"info","message":"User connected"}
{"level":"info","message":"Received message: Hello, WebSocket!"}
{"level":"info","message":"User disconnected"}
{"level":"info","message":"User connected"}
{"level":"info","message":"Received message: Hello, WebSocket!"}
{"level":"info","message":"User connected"}
{"level":"info","message":"Received message: Hello, WebSocket!"}
{"level":"info","message":"User disconnected"}
{"level":"info","message":"User disconnected"}
{"level":"info","message":"User connected"}
{"level":"info","message":"Received message: Hello, WebSocket!"}
{"level":"info","message":"User connected"}
{"level":"info","message":"Received message: Hello, WebSocket!"}
{"level":"info","message":"User disconnected"}
{"level":"info","message":"User disconnected"}
{"level":"info","message":"User connected"}
{"level":"info","message":"Received message: Hello, WebSocket!"}
{"level":"info","message":"User connected"}
{"level":"info","message":"Received message: Hello, WebSocket!"}
{"level":"info","message":"User disconnected"}
{"level":"info","message":"User disconnected"}
{"level":"info","message":"User connected"}
{"level":"info","message":"Received message: Hello, WebSocket!"}
{"level":"info","message":"User connected"}
{"level":"info","message":"Received message: Hello, WebSocket!"}
{"level":"info","message":"User disconnected"}
{"level":"info","message":"User disconnected"}
{"level":"info","message":"User connected"}
{"level":"info","message":"Received message: Hello, WebSocket!"}
{"level":"info","message":"User disconnected"}
{"level":"info","message":"User connected"}
{"level":"info","message":"Received message: Hello, WebSocket!"}
{"level":"info","message":"User disconnected"}
{"level":"info","message":"User connected"}
{"level":"info","message":"Received message: Hello, WebSocket!"}
{"level":"info","message":"User connected"}
{"level":"info","message":"Received message: Hello, WebSocket!"}
{"level":"info","message":"User disconnected"}
{"level":"info","message":"User disconnected"}
{"level":"info","message":"User connected"}
{"level":"info","message":"Received message: Hello, WebSocket!"}
{"level":"info","message":"User connected"}
{"level":"info","message":"Received message: Hello, WebSocket!"}
{"level":"info","message":"User disconnected"}
{"level":"info","message":"User disconnected"}
{"level":"info","message":"User connected"}
{"level":"info","message":"Received message: Hello, WebSocket!"}
{"level":"info","message":"User connected"}
{"level":"info","message":"Received message: Hello, WebSocket!"}
{"level":"info","message":"User disconnected"}
{"level":"info","message":"User disconnected"}
{"level":"info","message":"User connected"}
{"level":"info","message":"Received message: Hello, WebSocket!"}
{"level":"info","message":"User connected"}
{"level":"info","message":"Received message: Hello, WebSocket!"}
{"level":"info","message":"User disconnected"}
{"level":"info","message":"User disconnected"}
{"level":"info","message":"User connected"}
{"level":"info","message":"Received message: Hello, WebSocket!"}
{"level":"info","message":"User disconnected"}
{"level":"info","message":"User connected"}
{"level":"info","message":"Received message: Hello, WebSocket!"}
{"level":"info","message":"User disconnected"}
{"level":"info","message":"User connected"}
{"level":"info","message":"Received message: Hello, WebSocket!"}
{"level":"info","message":"User connected"}
{"level":"info","message":"Received message: Welco, WebSocket!"}
{"level":"info","message":"User connected"}
{"level":"info","message":"Received message: Welcome, WebSocket!"}
{"level":"info","message":"User connected"}
{"level":"info","message":"Received message: Welcome, WebSocket "}
{"level":"info","message":"User connected"}
{"level":"info","message":"Received message: Welcome, WebSocket to "}
{"level":"info","message":"User connected"}
{"level":"info","message":"Received message: Welcome, WebSocket to provide r"}
{"level":"info","message":"User connected"}
{"level":"info","message":"Received message: Welcome, WebSocket to provide real"}
{"level":"info","message":"User connected"}
{"level":"info","message":"Received message: Welcome, WebSocket to provide reali"}
{"level":"info","message":"User connected"}
{"level":"info","message":"Received message: Welcome, WebSocket to provide realt"}
{"level":"info","message":"User connected"}
{"level":"info","message":"Received message: Welcome, WebSocket to provide realtie"}
{"level":"info","message":"User connected"}
{"level":"info","message":"Received message: Welcome, WebSocket to provide realti"}
{"level":"info","message":"User connected"}
{"level":"info","message":"Received message: Welcome, WebSocket to provide realtime"}
{"level":"info","message":"User connected"}
{"level":"info","message":"Received message: Welcome, WebSocket to provide realtime "}
{"level":"info","message":"User connected"}
{"level":"info","message":"Received message: Welcome, WebSocket to provide realtime da"}
{"level":"info","message":"User connected"}
{"level":"info","message":"Received message: Welcome, WebSocket to provide realtime daa"}
{"level":"info","message":"User connected"}
{"level":"info","message":"Received message: Welcome, WebSocket to provide realtime da"}
{"level":"info","message":"User connected"}
{"level":"info","message":"Received message: Welcome, WebSocket to provide realtime data"}
{"level":"info","message":"User connected"}
{"level":"info","message":"Received message: Welcome, WebSocket to provide realtime data mo"}
{"level":"info","message":"User connected"}
{"level":"info","message":"Received message: Welcome, WebSocket to provide realtime data moni"}
{"level":"info","message":"User connected"}
{"level":"info","message":"Received message: Welcome, WebSocket to provide realtime data monit"}
{"level":"info","message":"User connected"}
{"level":"info","message":"Received message: Welcome, WebSocket to provide realtime data monitoring"}
{"level":"info","message":"User connected"}
{"level":"info","message":"Received message: Welcome, WebSocket to provide realtime data monitorin"}
{"level":"info","message":"User connected"}
{"level":"info","message":"Received message: Welcome, WebSocket to provide realtime data monitoring"}
{"level":"info","message":"User connected"}
{"level":"info","message":"Received message: Welcome, WebSocket to provide realtime data monitoring"}
{"level":"info","message":"User disconnected"}
{"level":"info","message":"User disconnected"}
{"level":"info","message":"User disconnected"}
{"level":"info","message":"User disconnected"}
{"level":"info","message":"User disconnected"}
{"level":"info","message":"User disconnected"}
{"level":"info","message":"User disconnected"}
{"level":"info","message":"User disconnected"}
{"level":"info","message":"User disconnected"}
{"level":"info","message":"User disconnected"}
{"level":"info","message":"User disconnected"}
{"level":"info","message":"User disconnected"}
{"level":"info","message":"User disconnected"}
{"level":"info","message":"User disconnected"}
{"level":"info","message":"User disconnected"}
{"level":"info","message":"User disconnected"}
{"level":"info","message":"User disconnected"}
{"level":"info","message":"User disconnected"}
{"level":"info","message":"User disconnected"}
{"level":"info","message":"User disconnected"}
{"level":"info","message":"User disconnected"}
{"level":"info","message":"User disconnected"}
{"level":"info","message":"User disconnected"}
{"level":"info","message":"User disconnected"}
{"level":"info","message":"User connected"}
{"level":"info","message":"Received message: Welcome, WebSocket to provide realtime data monitoring"}
{"level":"info","message":"User disconnected"}
{"level":"info","message":"User connected"}
{"level":"info","message":"Received message: Welcome, WebSocket to provide realtime data monitoring"}
{"level":"info","message":"User connected"}
{"level":"info","message":"Received message: Welcome, WebSocket to provide realtime data monitoring"}
{"level":"info","message":"User connected"}
{"level":"info","message":"Received message: Welcome, WebSocket to provide realtime data monitoring"}
{"level":"info","message":"User connected"}
{"level":"info","message":"Received message: Welcome, WebSocket to provide realtime data monitoring"}
{"level":"info","message":"User disconnected"}
{"level":"info","message":"User connected"}
{"level":"info","message":"Received message: Welcome, WebSocket to provide realtime data monitoring"}
{"level":"info","message":"User disconnected"}
{"level":"info","message":"User connected"}
{"level":"info","message":"Received message: Welcome, WebSocket to provide realtime data monitoring"}
{"level":"info","message":"User disconnected"}
{"level":"info","message":"User connected"}
{"level":"info","message":"Received message: Welcome, WebSocket to provide realtime data monitoring"}
{"level":"info","message":"User disconnected"}
{"level":"info","message":"User connected"}
{"level":"info","message":"Received message: Welcome, WebSocket to provide realtime data monitoring"}
{"level":"info","message":"User disconnected"}
{"level":"info","message":"User connected"}
{"level":"info","message":"Received message: Welcome, WebSocket to provide realtime data monitoring"}
{"level":"info","message":"User connected"}
{"level":"info","message":"Received message: Welcome, WebSocket to provide realtime data monitoring"}
{"level":"info","message":"User disconnected"}
{"level":"info","message":"User disconnected"}
{"level":"info","message":"User connected"}
{"level":"info","message":"Received message: Welcome, WebSocket to provide realtime data monitoring"}
{"level":"info","message":"User disconnected"}
{"level":"info","message":"User connected"}
{"level":"info","message":"Received message: Welcome, WebSocket to provide realtime data monitoring"}
{"level":"info","message":"User disconnected"}
{"level":"info","message":"User connected"}
{"level":"info","message":"Received message: Welcome, WebSocket to provide realtime data monitoring"}
{"level":"info","message":"User connected"}
{"level":"info","message":"Received message: Welcome, WebSocket to provide realtime data monitoring"}
{"level":"info","message":"User connected"}
{"level":"info","message":"Received message: Welcome, WebSocket to provide realtime data monitoring"}
{"level":"info","message":"User connected"}
{"level":"info","message":"Received message: Welcome, WebSocket to provide realtime data monitoring"}
{"level":"info","message":"User connected"}
{"level":"info","message":"Received message: Welcome, WebSocket to provide realtime data monitoring"}
{"level":"info","message":"User connected"}
{"level":"info","message":"Received message: Welcome, WebSocket to provide realtime data monitoring"}
{"level":"info","message":"User disconnected"}
{"level":"info","message":"User disconnected"}
{"level":"info","message":"User disconnected"}
{"level":"info","message":"User disconnected"}
{"level":"info","message":"User disconnected"}
{"level":"info","message":"User disconnected"}
{"level":"info","message":"User connected"}
{"level":"info","message":"Received message: Welcome, WebSocket to provide realtime data monitoring"}
{"level":"info","message":"User connected"}
{"level":"info","message":"Received message: Welcome, WebSocket to provide realtime data monitoring"}
{"level":"info","message":"User connected"}
{"level":"info","message":"Received message: Welcome, WebSocket to provide realtime data monitoring"}
{"level":"info","message":"User connected"}
{"level":"info","message":"Received message: Welcome, WebSocket to provide realtime data monitoring"}
{"level":"info","message":"User connected"}
{"level":"info","message":"Received message: Welcome, WebSocket to provide realtime data monitoring"}
{"level":"info","message":"User disconnected"}
{"level":"info","message":"User disconnected"}
{"level":"info","message":"User disconnected"}
{"level":"info","message":"User disconnected"}
{"level":"info","message":"User disconnected"}
{"level":"info","message":"User connected"}
{"level":"info","message":"Received message: Welcome, WebSocket to provide realtime data monitoring"}
{"level":"info","message":"User disconnected"}
{"level":"info","message":"User connected"}
{"level":"info","message":"Received message: Welcome, WebSocket to provide realtime data monitoring"}
{"level":"info","message":"User disconnected"}
{"level":"info","message":"User connected"}
{"level":"info","message":"Received message: Welcome, WebSocket to provide realtime data monitoring"}
{"level":"info","message":"User disconnected"}
{"level":"info","message":"User connected"}
{"level":"info","message":"Received message: Welcome, WebSocket to provide realtime data monitoring"}
{"level":"info","message":"User disconnected"}
{"level":"info","message":"User connected"}
{"level":"info","message":"Received message: Welcome, WebSocket to provide realtime data monitoring"}
{"level":"info","message":"User disconnected"}
{"level":"info","message":"User connected"}
{"level":"info","message":"Received message: Welcome, WebSocket to provide realtime data monitoring"}
{"level":"info","message":"User disconnected"}
{"level":"info","message":"User connected"}
{"level":"info","message":"Received message: Welcome, WebSocket to provide realtime data monitoring"}
{"level":"info","message":"User disconnected"}
{"level":"info","message":"User connected"}
{"level":"info","message":"Received message: Welcome, WebSocket to provide realtime data monitoring"}
{"level":"info","message":"User connected"}
{"level":"info","message":"Received message: Welcome, WebSocket to provide realtime data monitoring"}
{"level":"info","message":"User disconnected"}
{"level":"info","message":"User disconnected"}
{"level":"info","message":"User connected"}
{"level":"info","message":"Received message: Welcome, WebSocket to provide realtime data monitoring"}
{"level":"info","message":"User disconnected"}
{"level":"info","message":"User connected"}
{"level":"info","message":"Received message: Welcome, WebSocket to provide realtime data monitoring"}
{"level":"info","message":"User disconnected"}
{"level":"info","message":"User connected"}
{"level":"info","message":"Received message: Welcome, WebSocket to provide realtime data monitoring"}
{"level":"info","message":"User disconnected"}
{"level":"info","message":"User connected"}
{"level":"info","message":"Received message: Welcome, WebSocket to provide realtime data monitoring"}
{"level":"info","message":"User disconnected"}
{"level":"info","message":"User connected"}
{"level":"info","message":"Received message: Welcome, WebSocket to provide realtime data monitoring"}
{"level":"info","message":"User connected"}
{"level":"info","message":"Received message: Welcome, WebSocket to provide realtime data monitoring"}
{"level":"info","message":"User connected"}
{"level":"info","message":"Received message: Welcome, WebSocket to provide realtime data monitoring"}
{"level":"info","message":"User connected"}
{"level":"info","message":"Received message: Welcome, WebSocket to provide realtime data monitoring"}
{"level":"info","message":"User disconnected"}
{"level":"info","message":"User disconnected"}
{"level":"info","message":"User disconnected"}
{"level":"info","message":"User disconnected"}
{"level":"info","message":"User connected"}
{"level":"info","message":"Received message: Welcome, WebSocket to provide realtime data monitoring"}
{"level":"info","message":"User disconnected"}
{"level":"info","message":"User connected"}
{"level":"info","message":"Received message: Welcome, WebSocket to provide realtime data monitoring"}
{"level":"info","message":"User disconnected"}
{"level":"info","message":"User connected"}
{"level":"info","message":"Received message: Welcome, WebSocket to provide realtime data monitoring"}
{"level":"info","message":"User connected"}
{"level":"info","message":"Received message: Welcome, WebSocket to provide realtime data monitoring"}
{"level":"info","message":"User disconnected"}
{"level":"info","message":"User disconnected"}
{"level":"info","message":"User connected"}
{"level":"info","message":"Received message: Welcome, WebSocket to provide realtime data monitoring"}
{"level":"info","message":"User connected"}
{"level":"info","message":"Received message: Welcome, WebSocket to provide realtime data monitoring"}
{"level":"info","message":"User connected"}
{"level":"info","message":"Received message: Welcome, WebSocket to provide realtime data monitoring"}
{"level":"info","message":"User disconnected"}
{"level":"info","message":"User disconnected"}
{"level":"info","message":"User disconnected"}
{"level":"info","message":"User connected"}
{"level":"info","message":"Received message: Welcome, WebSocket to provide realtime data monitoring"}
{"level":"info","message":"User connected"}
{"level":"info","message":"Received message: Welcome, WebSocket to provide realtime data monitoring"}
{"level":"info","message":"User connected"}
{"level":"info","message":"Received message: Welcome, WebSocket to provide realtime data monitoring"}
{"level":"info","message":"User disconnected"}
{"level":"info","message":"User disconnected"}
{"level":"info","message":"User disconnected"}
{"level":"info","message":"User connected"}
{"level":"info","message":"Received message: Welcome, WebSocket to provide realtime data monitoring"}
{"level":"info","message":"User disconnected"}
{"level":"info","message":"User connected"}
{"level":"info","message":"Received message: Welcome, WebSocket to provide realtime data monitoring"}
{"level":"info","message":"User disconnected"}
{"level":"info","message":"User connected"}
{"level":"info","message":"Received message: Welcome, WebSocket to provide realtime data monitoring"}
{"level":"info","message":"User disconnected"}
{"level":"info","message":"User connected"}
{"level":"info","message":"Received message: Welcome, WebSocket to provide realtime data monitoring"}
{"level":"info","message":"User connected"}
{"level":"info","message":"Received message: Welcome, WebSocket to provide realtime data monitoring"}
{"level":"info","message":"User connected"}
{"level":"info","message":"Received message: Welcome, WebSocket to provide realtime data monitoring"}
{"level":"info","message":"User disconnected"}
{"level":"info","message":"User disconnected"}
{"level":"info","message":"User disconnected"}
{"level":"info","message":"User connected"}
{"level":"info","message":"Received message: Welcome, WebSocket to provide realtime data monitoring"}
{"level":"info","message":"User connected"}
{"level":"info","message":"Received message: Welcome, WebSocket to provide realtime data monitoring"}
{"level":"info","message":"User connected"}
{"level":"info","message":"Received message: Welcome, WebSocket to provide realtime data monitoring"}
{"level":"info","message":"User connected"}
{"level":"info","message":"Received message: Welcome, WebSocket to provide realtime data monitoring"}
{"level":"info","message":"User connected"}
{"level":"info","message":"Received message: Welcome, WebSocket to provide realtime data monitoring"}
{"level":"info","message":"User connected"}
{"level":"info","message":"Received message: Welcome, WebSocket to provide realtime data monitoring"}
{"level":"info","message":"User connected"}
{"level":"info","message":"Received message: Welcome, WebSocket to provide realtime data monitoring"}
{"level":"info","message":"User connected"}
{"level":"info","message":"Received message: Welcome, WebSocket to provide realtime data monitoring"}
{"level":"info","message":"User connected"}
{"level":"info","message":"Received message: Welcome, WebSocket to provide realtime data monitoring"}
{"level":"info","message":"User connected"}
{"level":"info","message":"Received message: Welcome, WebSocket to provide realtime data monitoring"}
{"level":"info","message":"User connected"}
{"level":"info","message":"Received message: Welcome, WebSocket to provide realtime data monitoring"}
{"level":"info","message":"User connected"}
{"level":"info","message":"Received message: Welcome, WebSocket to provide realtime data monitoring"}
{"level":"info","message":"User connected"}
{"level":"info","message":"Received message: Welcome, WebSocket to provide realtime data monitoring"}
{"level":"info","message":"User disconnected"}
{"level":"info","message":"User disconnected"}
{"level":"info","message":"User disconnected"}
{"level":"info","message":"User disconnected"}
{"level":"info","message":"User disconnected"}
{"level":"info","message":"User disconnected"}
{"level":"info","message":"User disconnected"}
{"level":"info","message":"User disconnected"}
{"level":"info","message":"User disconnected"}
{"level":"info","message":"User disconnected"}
{"level":"info","message":"User disconnected"}
{"level":"info","message":"User disconnected"}
{"level":"info","message":"User disconnected"}
{"level":"info","message":"User connected"}
{"level":"info","message":"Received message: Welcome, WebSocket to provide realtime data monitoring"}
{"level":"info","message":"User connected"}
{"level":"info","message":"Received message: Welcome, WebSocket to provide realtime data monitoring"}
{"level":"info","message":"User connected"}
{"level":"info","message":"Received message: Welcome, WebSocket to provide realtime data monitoring"}
{"level":"info","message":"User connected"}
{"level":"info","message":"Received message: Welcome, WebSocket to provide realtime data monitoring"}
{"level":"info","message":"User connected"}
{"level":"info","message":"Received message: Welcome, WebSocket to provide realtime data monitoring"}
{"level":"info","message":"User connected"}
{"level":"info","message":"Received message: Welcome, WebSocket to provide realtime data monitoring"}
{"level":"info","message":"User connected"}
{"level":"info","message":"Received message: Welcome, WebSocket to provide realtime data monitoring"}
{"level":"info","message":"User connected"}
{"level":"info","message":"Received message: Welcome, WebSocket to provide realtime data monitoring"}
{"level":"info","message":"User connected"}
{"level":"info","message":"Received message: Welcome, WebSocket to provide realtime data monitoring"}
{"level":"info","message":"User connected"}
{"level":"info","message":"Received message: Welcome, WebSocket to provide realtime data monitoring"}
{"level":"info","message":"User connected"}
{"level":"info","message":"Received message: Welcome, WebSocket to provide realtime data monitoring"}
{"level":"info","message":"User connected"}
{"level":"info","message":"Received message: Welcome, WebSocket to provide realtime data monitoring"}
{"level":"info","message":"User connected"}
{"level":"info","message":"Received message: Welcome, WebSocket to provide realtime data monitoring"}
{"level":"info","message":"User connected"}
{"level":"info","message":"Received message: Welcome, WebSocket to provide realtime data monitoring"}
{"level":"info","message":"User connected"}
{"level":"info","message":"Received message: Welcome, WebSocket to provide realtime data monitoring"}
{"level":"info","message":"User connected"}
{"level":"info","message":"Received message: Welcome, WebSocket to provide realtime data monitoring"}
{"level":"info","message":"User connected"}
{"level":"info","message":"Received message: Welcome, WebSocket to provide realtime data monitoring"}
{"level":"info","message":"User disconnected"}
{"level":"info","message":"User disconnected"}
{"level":"info","message":"User disconnected"}
{"level":"info","message":"User disconnected"}
{"level":"info","message":"User disconnected"}
{"level":"info","message":"User disconnected"}
{"level":"info","message":"User disconnected"}
{"level":"info","message":"User disconnected"}
{"level":"info","message":"User disconnected"}
{"level":"info","message":"User disconnected"}
{"level":"info","message":"User disconnected"}
{"level":"info","message":"User disconnected"}
{"level":"info","message":"User disconnected"}
{"level":"info","message":"User disconnected"}
{"level":"info","message":"User disconnected"}
{"level":"info","message":"User disconnected"}
{"level":"info","message":"User disconnected"}
{"level":"info","message":"User connected"}
{"level":"info","message":"Received message: Welcome, WebSocket to provide realtime data monitoring"}
{"level":"info","message":"User disconnected"}
{"level":"info","message":"User connected"}
{"level":"info","message":"Received message: Welcome, WebSocket to provide realtime data monitoring"}
{"level":"info","message":"User connected"}
{"level":"info","message":"Received message: Welcome, WebSocket to provide realtime data monitoring"}
{"level":"info","message":"User connected"}
{"level":"info","message":"Received message: Welcome, WebSocket to provide realtime data monitoring"}
{"level":"info","message":"User connected"}
{"level":"info","message":"Received message: Welcome, WebSocket to provide realtime data monitoring"}
{"level":"info","message":"User connected"}
{"level":"info","message":"Received message: Welcome, WebSocket to provide realtime data monitoring"}
{"level":"info","message":"User connected"}
{"level":"info","message":"Received message: Welcome, WebSocket to provide realtime data monitoring"}
{"level":"info","message":"User connected"}
{"level":"info","message":"Received message: Welcome, WebSocket to provide realtime data monitoring"}
{"level":"info","message":"User connected"}
{"level":"info","message":"Received message: Welcome, WebSocket to provide realtime data monitoring"}
{"level":"info","message":"User connected"}
{"level":"info","message":"Received message: Welcome, WebSocket to provide realtime data monitoring"}
{"level":"info","message":"User connected"}
{"level":"info","message":"Received message: Welcome, WebSocket to provide realtime data monitoring"}
{"level":"info","message":"User connected"}
{"level":"info","message":"Received message: Welcome, WebSocket to provide realtime data monitoring"}
{"level":"info","message":"User connected"}
{"level":"info","message":"Received message: Welcome, WebSocket to provide realtime data monitoring"}
{"level":"info","message":"User disconnected"}
{"level":"info","message":"User disconnected"}
{"level":"info","message":"User disconnected"}
{"level":"info","message":"User disconnected"}
{"level":"info","message":"User disconnected"}
{"level":"info","message":"User disconnected"}
{"level":"info","message":"User disconnected"}
{"level":"info","message":"User disconnected"}
{"level":"info","message":"User disconnected"}
{"level":"info","message":"User disconnected"}
{"level":"info","message":"User disconnected"}
{"level":"info","message":"User disconnected"}
{"level":"info","message":"User connected"}
{"level":"info","message":"Received message: Welcome, WebSocket to provide realtime data monitoring"}
{"level":"info","message":"User connected"}
{"level":"info","message":"Received message: Welcome, WebSocket to provide realtime data monitoring"}
{"level":"info","message":"User connected"}
{"level":"info","message":"Received message: Welcome, WebSocket to provide realtime data monitoring"}
{"level":"info","message":"User connected"}
{"level":"info","message":"Received message: Welcome, WebSocket to provide realtime data monitoring"}
{"level":"info","message":"User connected"}
{"level":"info","message":"Received message: Welcome, WebSocket to provide realtime data monitoring"}
{"level":"info","message":"User connected"}
{"level":"info","message":"Received message: Welcome, WebSocket to provide realtime data monitoring"}
{"level":"info","message":"User connected"}
{"level":"info","message":"Received message: Welcome, WebSocket to provide realtime data monitoring"}
{"level":"info","message":"User connected"}
{"level":"info","message":"Received message: Welcome, WebSocket to provide realtime data monitoring"}
