{"0":123,"1":13,"10":112,"11":101,"12":34,"13":58,"14":34,"15":115,"16":97,"17":121,"18":32,"19":104,"2":10,"20":101,"21":108,"22":108,"23":111,"24":34,"25":44,"26":13,"27":10,"28":32,"29":32,"3":32,"30":32,"31":32,"32":34,"33":100,"34":97,"35":116,"36":101,"37":34,"38":58,"39":123,"4":32,"40":13,"41":10,"42":32,"43":32,"44":32,"45":32,"46":32,"47":32,"48":32,"49":32,"5":32,"50":109,"51":101,"52":115,"53":115,"54":97,"55":103,"56":101,"57":58,"58":34,"59":34,"6":32,"60":13,"61":10,"62":32,"63":32,"64":32,"65":32,"66":125,"67":13,"68":10,"69":125,"7":34,"8":116,"9":121,"level":"error","message":"Message error JSON parse:"}
{"0":123,"1":13,"10":112,"11":101,"12":34,"13":58,"14":34,"15":115,"16":97,"17":121,"18":32,"19":104,"2":10,"20":101,"21":108,"22":108,"23":111,"24":34,"25":44,"26":13,"27":10,"28":32,"29":32,"3":32,"30":32,"31":32,"32":34,"33":100,"34":97,"35":116,"36":101,"37":34,"38":58,"39":123,"4":32,"40":13,"41":10,"42":32,"43":32,"44":32,"45":32,"46":32,"47":32,"48":32,"49":32,"5":32,"50":109,"51":101,"52":115,"53":115,"54":97,"55":103,"56":101,"57":58,"58":34,"59":34,"6":32,"60":13,"61":10,"62":32,"63":32,"64":32,"65":32,"66":125,"67":13,"68":10,"69":125,"7":34,"8":116,"9":121,"level":"error","message":"Message error JSON parse:"}
{"0":123,"1":13,"10":112,"11":101,"12":34,"13":58,"14":34,"15":115,"16":97,"17":121,"18":32,"19":104,"2":10,"20":101,"21":108,"22":108,"23":111,"24":34,"25":44,"26":13,"27":10,"28":32,"29":32,"3":32,"30":32,"31":32,"32":34,"33":100,"34":97,"35":116,"36":101,"37":34,"38":58,"39":123,"4":32,"40":13,"41":10,"42":32,"43":32,"44":32,"45":32,"46":32,"47":32,"48":32,"49":32,"5":32,"50":109,"51":101,"52":115,"53":115,"54":97,"55":103,"56":101,"57":58,"58":34,"59":34,"6":32,"60":13,"61":10,"62":32,"63":32,"64":32,"65":32,"66":125,"67":13,"68":10,"69":125,"7":34,"8":116,"9":121,"level":"error","message":"Message error JSON parse:"}
{"0":123,"1":13,"10":112,"11":101,"12":34,"13":58,"14":34,"15":115,"16":97,"17":121,"18":32,"19":104,"2":10,"20":101,"21":108,"22":108,"23":111,"24":34,"25":44,"26":13,"27":10,"28":32,"29":32,"3":32,"30":32,"31":32,"32":34,"33":100,"34":97,"35":116,"36":101,"37":34,"38":58,"39":123,"4":32,"40":13,"41":10,"42":32,"43":32,"44":32,"45":32,"46":32,"47":32,"48":32,"49":32,"5":32,"50":109,"51":101,"52":115,"53":115,"54":97,"55":103,"56":101,"57":58,"58":34,"59":34,"6":32,"60":13,"61":10,"62":32,"63":32,"64":32,"65":32,"66":125,"67":13,"68":10,"69":125,"7":34,"8":116,"9":121,"level":"error","message":"Message error JSON parse:"}
{"0":72,"1":101,"10":83,"11":111,"12":99,"13":107,"14":101,"15":116,"16":32,"17":115,"18":101,"19":114,"2":108,"20":118,"21":101,"22":114,"23":33,"3":108,"4":111,"5":44,"6":32,"7":87,"8":101,"9":98,"level":"error","message":"Message error JSON parse:"}
{"0":72,"1":101,"10":83,"11":111,"12":99,"13":107,"14":101,"15":116,"16":32,"17":115,"18":101,"19":114,"2":108,"20":118,"21":101,"22":114,"23":33,"3":108,"4":111,"5":44,"6":32,"7":87,"8":101,"9":98,"level":"error","message":"Message error JSON parse:"}
{"level":"error","message":"Message error JSON parse:"}
{"0":72,"1":101,"10":83,"11":111,"12":99,"13":107,"14":101,"15":116,"16":32,"17":115,"18":101,"19":114,"2":108,"20":118,"21":101,"22":114,"23":33,"3":108,"4":111,"5":44,"6":32,"7":87,"8":101,"9":98,"level":"error","message":"Message error JSON parse:"}
{"0":72,"1":101,"10":83,"11":111,"12":99,"13":107,"14":101,"15":116,"16":32,"17":115,"18":101,"19":114,"2":108,"20":118,"21":101,"22":114,"23":33,"3":108,"4":111,"5":44,"6":32,"7":87,"8":101,"9":98,"level":"error","message":"Message error JSON parse:"}
{"0":72,"1":101,"10":83,"11":111,"12":99,"13":107,"14":101,"15":116,"16":32,"17":115,"18":101,"19":114,"2":108,"20":118,"21":101,"22":114,"23":33,"3":108,"4":111,"5":44,"6":32,"7":87,"8":101,"9":98,"level":"error","message":"Message error JSON parse:"}
{"0":72,"1":101,"10":83,"11":111,"12":99,"13":107,"14":101,"15":116,"16":32,"17":115,"18":101,"19":114,"2":108,"20":118,"21":101,"22":114,"23":33,"3":108,"4":111,"5":44,"6":32,"7":87,"8":101,"9":98,"level":"error","message":"Message error JSON parse:"}
{"0":72,"1":101,"10":83,"11":111,"12":99,"13":107,"14":101,"15":116,"16":32,"17":115,"18":101,"19":114,"2":108,"20":118,"21":101,"22":114,"23":33,"3":108,"4":111,"5":44,"6":32,"7":87,"8":101,"9":98,"level":"error","message":"Message error JSON parse:"}
{"0":72,"1":101,"10":83,"11":111,"12":99,"13":107,"14":101,"15":116,"16":32,"17":115,"18":101,"19":114,"2":108,"20":118,"21":101,"22":114,"23":33,"3":108,"4":111,"5":44,"6":32,"7":87,"8":101,"9":98,"level":"error","message":"Message error JSON parse:"}
{"0":72,"1":101,"10":83,"11":111,"12":99,"13":107,"14":101,"15":116,"16":32,"17":115,"18":101,"19":114,"2":108,"20":118,"21":101,"22":114,"23":33,"3":108,"4":111,"5":44,"6":32,"7":87,"8":101,"9":98,"level":"error","message":"Message error JSON parse:"}
{"0":72,"1":101,"10":83,"11":111,"12":99,"13":107,"14":101,"15":116,"16":32,"17":115,"18":101,"19":114,"2":108,"20":118,"21":101,"22":114,"23":33,"3":108,"4":111,"5":44,"6":32,"7":87,"8":101,"9":98,"level":"error","message":"Message error JSON parse:"}
{"0":72,"1":101,"10":83,"11":111,"12":99,"13":107,"14":101,"15":116,"16":32,"17":115,"18":101,"19":114,"2":108,"20":118,"21":101,"22":114,"23":33,"3":108,"4":111,"5":44,"6":32,"7":87,"8":101,"9":98,"level":"error","message":"Message error JSON parse:"}
{"0":72,"1":101,"10":83,"11":111,"12":99,"13":107,"14":101,"15":116,"16":32,"17":115,"18":101,"19":114,"2":108,"20":118,"21":101,"22":114,"23":33,"3":108,"4":111,"5":44,"6":32,"7":87,"8":101,"9":98,"level":"error","message":"Message error JSON parse:"}
{"0":91,"1":111,"10":106,"11":101,"12":99,"13":116,"14":93,"2":98,"3":106,"4":101,"5":99,"6":116,"7":32,"8":79,"9":98,"level":"error","message":"Message error JSON parse:"}
{"0":91,"1":111,"10":106,"11":101,"12":99,"13":116,"14":93,"2":98,"3":106,"4":101,"5":99,"6":116,"7":32,"8":79,"9":98,"level":"error","message":"Message error JSON parse:"}
{"0":91,"1":111,"10":106,"11":101,"12":99,"13":116,"14":93,"2":98,"3":106,"4":101,"5":99,"6":116,"7":32,"8":79,"9":98,"level":"error","message":"Message error JSON parse:"}
{"0":91,"1":111,"10":106,"11":101,"12":99,"13":116,"14":93,"2":98,"3":106,"4":101,"5":99,"6":116,"7":32,"8":79,"9":98,"level":"error","message":"Message error JSON parse:"}
{"0":91,"1":111,"10":106,"11":101,"12":99,"13":116,"14":93,"2":98,"3":106,"4":101,"5":99,"6":116,"7":32,"8":79,"9":98,"level":"error","message":"Message error JSON parse:"}
{"0":91,"1":111,"10":106,"11":101,"12":99,"13":116,"14":93,"2":98,"3":106,"4":101,"5":99,"6":116,"7":32,"8":79,"9":98,"level":"error","message":"Message error JSON parse:"}
{"0":91,"1":111,"10":106,"11":101,"12":99,"13":116,"14":93,"2":98,"3":106,"4":101,"5":99,"6":116,"7":32,"8":79,"9":98,"level":"error","message":"Message error JSON parse:"}
{"0":91,"1":111,"10":106,"11":101,"12":99,"13":116,"14":93,"2":98,"3":106,"4":101,"5":99,"6":116,"7":32,"8":79,"9":98,"level":"error","message":"Message error JSON parse:"}
{"0":91,"1":111,"10":106,"11":101,"12":99,"13":116,"14":93,"2":98,"3":106,"4":101,"5":99,"6":116,"7":32,"8":79,"9":98,"level":"error","message":"Message error JSON parse:"}
{"level":"error","message":"Message error JSON parse:"}
{"0":72,"1":101,"10":118,"11":101,"12":114,"13":33,"2":108,"3":108,"4":111,"5":44,"6":32,"7":115,"8":101,"9":114,"level":"error","message":"Message error JSON parse:"}
{"0":72,"1":101,"10":118,"11":101,"12":114,"13":33,"2":108,"3":108,"4":111,"5":44,"6":32,"7":115,"8":101,"9":114,"level":"error","message":"Message error JSON parse:"}
{"0":72,"1":101,"10":118,"11":101,"12":114,"13":33,"2":108,"3":108,"4":111,"5":44,"6":32,"7":115,"8":101,"9":114,"level":"error","message":"Message error JSON parse:"}
{"0":72,"1":101,"10":118,"11":101,"12":114,"13":33,"2":108,"3":108,"4":111,"5":44,"6":32,"7":115,"8":101,"9":114,"level":"error","message":"Message error JSON parse:"}
